<?xml version="1.0" encoding="UTF-8"?>
<testng-results ignored="0" total="1" passed="1" failed="0" skipped="0">
  <reporter-output>
  </reporter-output>
  <suite started-at="2022-08-20T14:37:29 IST" name="Default suite" finished-at="2022-08-20T14:37:45 IST" duration-ms="16283">
    <groups>
    </groups>
    <test started-at="2022-08-20T14:37:29 IST" name="Default test" finished-at="2022-08-20T14:37:45 IST" duration-ms="16283">
      <class name="amantest.Appiumtest">
        <test-method signature="AppiumTest()[pri:0, instance:amantest.Appiumtest@49c7b90e]" started-at="2022-08-20T14:37:29 IST" name="AppiumTest" finished-at="2022-08-20T14:37:45 IST" duration-ms="16257" status="PASS">
          <reporter-output>
          </reporter-output>
        </test-method> <!-- AppiumTest -->
      </class> <!-- amantest.Appiumtest -->
    </test> <!-- Default test -->
  </suite> <!-- Default suite -->
</testng-results>
